Arguments: 
  /Users/admin/.fnm/node-versions/v12.13.0/installation/bin/node /usr/local/Cellar/yarn/1.22.4/libexec/bin/yarn.js add XMLHttpRequest

PATH: 
  /Users/admin/.opam/4.08.0/bin:/var/folders/ll/cpq6dtjj19vck92pnvvbt7dm0000gn/T/fnm-shell-6097348/bin:/Users/admin/bin:~/.composer/vendor/bin:/Users/admin/.npm-global/bin:/usr/local/bin:/usr/bin:/bin:/usr/sbin:/sbin:/usr/local/go/bin:/opt/X11/bin:/Library/Apple/usr/bin:/Users/admin/developer/flutter/bin

Yarn version: 
  1.22.4

Node version: 
  12.13.0

Platform: 
  darwin x64

Trace: 
  Error: https://registry.yarnpkg.com/XMLHttpRequest: Not found
      at Request.params.callback [as _callback] (/usr/local/Cellar/yarn/1.22.4/libexec/lib/cli.js:66987:18)
      at Request.self.callback (/usr/local/Cellar/yarn/1.22.4/libexec/lib/cli.js:140748:22)
      at Request.emit (events.js:210:5)
      at Request.<anonymous> (/usr/local/Cellar/yarn/1.22.4/libexec/lib/cli.js:141720:10)
      at Request.emit (events.js:210:5)
      at IncomingMessage.<anonymous> (/usr/local/Cellar/yarn/1.22.4/libexec/lib/cli.js:141642:12)
      at Object.onceWrapper (events.js:299:28)
      at IncomingMessage.emit (events.js:215:7)
      at endReadableNT (_stream_readable.js:1183:12)
      at processTicksAndRejections (internal/process/task_queues.js:80:21)

npm manifest: 
  {
    "name": "grpc-client-js",
    "version": "1.0.0",
    "description": "Testing client grpc fearures",
    "main": "client.js",
    "scripts": {
      "test": "echo \"Error: no test specified\" && exit 1"
    },
    "author": "Daulet Issatayev",
    "license": "ISC",
    "dependencies": {
      "google-protobuf": "^3.14.0",
      "grpc-web": "^1.2.1"
    }
  }

yarn manifest: 
  No manifest

Lockfile: 
  # THIS IS AN AUTOGENERATED FILE. DO NOT EDIT THIS FILE DIRECTLY.
  # yarn lockfile v1
  
  
  google-protobuf@^3.14.0:
    version "3.14.0"
    resolved "https://registry.yarnpkg.com/google-protobuf/-/google-protobuf-3.14.0.tgz#20373d22046e63831a5110e11a84f713cc43651e"
    integrity sha512-bwa8dBuMpOxg7COyqkW6muQuvNnWgVN8TX/epDRGW5m0jcrmq2QJyCyiV8ZE2/6LaIIqJtiv9bYokFhfpy/o6w==
  
  grpc-web@^1.2.1:
    version "1.2.1"
    resolved "https://registry.yarnpkg.com/grpc-web/-/grpc-web-1.2.1.tgz#860051d705bf5baa7b81fcbd14030060bf16b7b9"
    integrity sha512-ibBaJPzfMVuLPgaST9w0kZl60s+SnkPBQp6QKdpEr85tpc1gXW2QDqSne9xiyiym0logDfdUSm4aX5h9YBA2mw==
